c:\work\campus\graduation_project\graduation-project\code\vocpabe\vocpabe\edclient\debug\edclient.obj
c:\work\campus\graduation_project\graduation-project\code\vocpabe\vocpabe\edclient\debug\clientsetup.obj
c:\work\campus\graduation_project\graduation-project\code\vocpabe\vocpabe\edclient\debug\getmsgfromss.obj
c:\work\campus\graduation_project\graduation-project\code\vocpabe\vocpabe\edclient\debug\main.obj
c:\work\campus\graduation_project\graduation-project\code\vocpabe\vocpabe\edclient\debug\loginform.obj
c:\work\campus\graduation_project\graduation-project\code\vocpabe\vocpabe\edclient\debug\vc142.pdb
c:\work\campus\graduation_project\graduation-project\code\vocpabe\vocpabe\edclient\debug\qrc_edclient.obj
c:\work\campus\graduation_project\graduation-project\code\vocpabe\vocpabe\edclient\debug\moc_edclient.obj
c:\work\campus\graduation_project\graduation-project\code\vocpabe\vocpabe\edclient\debug\moc_loginform.obj
c:\work\campus\graduation_project\graduation-project\code\vocpabe\vocpabe\edclient\debug\moc_clientsetup.obj
c:\work\campus\graduation_project\graduation-project\code\vocpabe\vocpabe\edclient\debug\uic\ui_edclient.h
c:\work\campus\graduation_project\graduation-project\code\vocpabe\vocpabe\edclient\debug\uic\ui_loginform.h
c:\work\campus\graduation_project\graduation-project\code\vocpabe\vocpabe\edclient\debug\rcc\qrc_edclient.cpp
c:\work\campus\graduation_project\graduation-project\code\vocpabe\vocpabe\edclient\debug\moc\moc_edclient.cpp
c:\work\campus\graduation_project\graduation-project\code\vocpabe\vocpabe\edclient\debug\moc\moc_loginform.cpp
c:\work\campus\graduation_project\graduation-project\code\vocpabe\vocpabe\edclient\debug\moc\moc_clientsetup.cpp
c:\work\campus\graduation_project\graduation-project\code\vocpabe\vocpabe\debug\edclient.exe
c:\work\campus\graduation_project\graduation-project\code\vocpabe\vocpabe\debug\edclient.ilk
c:\work\campus\graduation_project\graduation-project\code\vocpabe\vocpabe\debug\edclient.pdb
c:\work\campus\graduation_project\graduation-project\code\vocpabe\vocpabe\edclient\debug\edclient.tlog\cl.command.1.tlog
c:\work\campus\graduation_project\graduation-project\code\vocpabe\vocpabe\edclient\debug\edclient.tlog\cl.read.1.tlog
c:\work\campus\graduation_project\graduation-project\code\vocpabe\vocpabe\edclient\debug\edclient.tlog\cl.write.1.tlog
c:\work\campus\graduation_project\graduation-project\code\vocpabe\vocpabe\edclient\debug\edclient.tlog\edclient.write.1u.tlog
c:\work\campus\graduation_project\graduation-project\code\vocpabe\vocpabe\edclient\debug\edclient.tlog\link.command.1.tlog
c:\work\campus\graduation_project\graduation-project\code\vocpabe\vocpabe\edclient\debug\edclient.tlog\link.read.1.tlog
c:\work\campus\graduation_project\graduation-project\code\vocpabe\vocpabe\edclient\debug\edclient.tlog\link.write.1.tlog
c:\work\campus\graduation_project\graduation-project\code\vocpabe\vocpabe\edclient\debug\edclient.tlog\moc.read.1u.tlog
c:\work\campus\graduation_project\graduation-project\code\vocpabe\vocpabe\edclient\debug\edclient.tlog\moc.write.1u.tlog
c:\work\campus\graduation_project\graduation-project\code\vocpabe\vocpabe\edclient\debug\edclient.tlog\rcc.read.1u.tlog
c:\work\campus\graduation_project\graduation-project\code\vocpabe\vocpabe\edclient\debug\edclient.tlog\rcc.write.1u.tlog
c:\work\campus\graduation_project\graduation-project\code\vocpabe\vocpabe\edclient\debug\edclient.tlog\uic.read.1u.tlog
c:\work\campus\graduation_project\graduation-project\code\vocpabe\vocpabe\edclient\debug\edclient.tlog\uic.write.1u.tlog
