  uic EDClient.ui
  uic LoginForm.ui
  rcc EDClient.qrc
  moc EDClient.h
   RCC: Warning: No resources in 'C:\work\code\VOCPABE\src\EDClient\EDClient.qrc'.
  moc LoginForm.h
  moc ClientSetup.h
   C:\work\code\VOCPABE\src\EDClient\EDClient.ui: Warning: The name 'layoutWidget' (QWidget) is already in use, defaulting to 'layoutWidget1'.
   C:\work\code\VOCPABE\src\EDClient\EDClient.ui: Warning: The name 'layoutWidget' (QWidget) is already in use, defaulting to 'layoutWidget2'.
   C:\work\code\VOCPABE\src\EDClient\EDClient.ui: Warning: The name 'layoutWidget' (QWidget) is already in use, defaulting to 'layoutWidget3'.
   C:\work\code\VOCPABE\src\EDClient\EDClient.ui: Warning: The name 'layoutWidget' (QWidget) is already in use, defaulting to 'layoutWidget4'.
   C:\work\code\VOCPABE\src\EDClient\EDClient.ui: Warning: The name 'layoutWidget' (QWidget) is already in use, defaulting to 'layoutWidget5'.
  ClientSetup.cpp
  EDClient.cpp
  LoginForm.cpp
  main.cpp
C:\work\code\third\pbc\include\pbc-0.5.14\include\pbc_curve.h(63,9): warning C4068: 未知的杂注“GCC” (编译源文件 main.cpp)
C:\work\code\third\pbc\include\pbc-0.5.14\include\pbc_curve.h(77,9): warning C4068: 未知的杂注“GCC” (编译源文件 main.cpp)
C:\work\code\third\pbc\include\pbc-0.5.14\include\pbc_curve.h(63,9): warning C4068: 未知的杂注“GCC” (编译源文件 LoginForm.cpp)
C:\work\code\third\pbc\include\pbc-0.5.14\include\pbc_curve.h(77,9): warning C4068: 未知的杂注“GCC” (编译源文件 LoginForm.cpp)
C:\work\code\third\pbc\include\pbc-0.5.14\include\pbc_curve.h(63,9): warning C4068: 未知的杂注“GCC” (编译源文件 EDClient.cpp)
C:\work\code\third\pbc\include\pbc-0.5.14\include\pbc_curve.h(77,9): warning C4068: 未知的杂注“GCC” (编译源文件 EDClient.cpp)
  qrc_EDClient.cpp
  moc_EDClient.cpp
  moc_LoginForm.cpp
  moc_ClientSetup.cpp
C:\work\code\third\pbc\include\pbc-0.5.14\include\pbc_curve.h(63,9): warning C4068: 未知的杂注“GCC” (编译源文件 Debug\moc\moc_EDClient.cpp)
C:\work\code\third\pbc\include\pbc-0.5.14\include\pbc_curve.h(77,9): warning C4068: 未知的杂注“GCC” (编译源文件 Debug\moc\moc_EDClient.cpp)
pbc.lib(d000170.o) : warning LNK4078: 找到多个“.text”节，它们具有不同的特性(E0300020)
  EDClient.vcxproj -> C:\work\code\VOCPABE\src\Debug\EDClient.exe
