c:\work\campus\graduation_project\graduation-project\code\vocpabe\vocpabe\es\debug\qrc_es.obj
c:\work\campus\graduation_project\graduation-project\code\vocpabe\vocpabe\es\debug\moc_es.obj
c:\work\campus\graduation_project\graduation-project\code\vocpabe\vocpabe\es\debug\moc_esserver.obj
c:\work\campus\graduation_project\graduation-project\code\vocpabe\vocpabe\es\debug\main.obj
c:\work\campus\graduation_project\graduation-project\code\vocpabe\vocpabe\es\debug\esserver.obj
c:\work\campus\graduation_project\graduation-project\code\vocpabe\vocpabe\es\debug\es.obj
c:\work\campus\graduation_project\graduation-project\code\vocpabe\vocpabe\es\debug\vc142.pdb
c:\work\campus\graduation_project\graduation-project\code\vocpabe\vocpabe\es\debug\uic\ui_es.h
c:\work\campus\graduation_project\graduation-project\code\vocpabe\vocpabe\es\debug\rcc\qrc_es.cpp
c:\work\campus\graduation_project\graduation-project\code\vocpabe\vocpabe\es\debug\moc\moc_es.cpp
c:\work\campus\graduation_project\graduation-project\code\vocpabe\vocpabe\es\debug\moc\moc_esserver.cpp
c:\work\campus\graduation_project\graduation-project\code\vocpabe\vocpabe\debug\es.ilk
c:\work\campus\graduation_project\graduation-project\code\vocpabe\vocpabe\debug\es.exe
c:\work\campus\graduation_project\graduation-project\code\vocpabe\vocpabe\debug\es.pdb
c:\work\campus\graduation_project\graduation-project\code\vocpabe\vocpabe\es\debug\es.tlog\cl.11224.write.1.tlog
c:\work\campus\graduation_project\graduation-project\code\vocpabe\vocpabe\es\debug\es.tlog\cl.command.1.tlog
c:\work\campus\graduation_project\graduation-project\code\vocpabe\vocpabe\es\debug\es.tlog\cl.read.1.tlog
c:\work\campus\graduation_project\graduation-project\code\vocpabe\vocpabe\es\debug\es.tlog\es.write.1u.tlog
c:\work\campus\graduation_project\graduation-project\code\vocpabe\vocpabe\es\debug\es.tlog\link.command.1.tlog
c:\work\campus\graduation_project\graduation-project\code\vocpabe\vocpabe\es\debug\es.tlog\link.read.1.tlog
c:\work\campus\graduation_project\graduation-project\code\vocpabe\vocpabe\es\debug\es.tlog\link.write.1.tlog
c:\work\campus\graduation_project\graduation-project\code\vocpabe\vocpabe\es\debug\es.tlog\moc.read.1u.tlog
c:\work\campus\graduation_project\graduation-project\code\vocpabe\vocpabe\es\debug\es.tlog\moc.write.1u.tlog
c:\work\campus\graduation_project\graduation-project\code\vocpabe\vocpabe\es\debug\es.tlog\rcc.read.1u.tlog
c:\work\campus\graduation_project\graduation-project\code\vocpabe\vocpabe\es\debug\es.tlog\rcc.write.1u.tlog
c:\work\campus\graduation_project\graduation-project\code\vocpabe\vocpabe\es\debug\es.tlog\uic.read.1u.tlog
c:\work\campus\graduation_project\graduation-project\code\vocpabe\vocpabe\es\debug\es.tlog\uic.write.1u.tlog
