c:\work\campus\graduation_project\graduation-project\code\vocpabe\vocpabe\ds\debug\ds.obj
c:\work\campus\graduation_project\graduation-project\code\vocpabe\vocpabe\ds\debug\main.obj
c:\work\campus\graduation_project\graduation-project\code\vocpabe\vocpabe\ds\debug\vc142.pdb
c:\work\campus\graduation_project\graduation-project\code\vocpabe\vocpabe\ds\debug\qrc_ds.obj
c:\work\campus\graduation_project\graduation-project\code\vocpabe\vocpabe\ds\debug\moc_ds.obj
c:\work\campus\graduation_project\graduation-project\code\vocpabe\vocpabe\ds\debug\uic\ui_ds.h
c:\work\campus\graduation_project\graduation-project\code\vocpabe\vocpabe\ds\debug\rcc\qrc_ds.cpp
c:\work\campus\graduation_project\graduation-project\code\vocpabe\vocpabe\ds\debug\moc\moc_ds.cpp
c:\work\campus\graduation_project\graduation-project\code\vocpabe\vocpabe\debug\ds.ilk
c:\work\campus\graduation_project\graduation-project\code\vocpabe\vocpabe\debug\ds.exe
c:\work\campus\graduation_project\graduation-project\code\vocpabe\vocpabe\debug\ds.pdb
c:\work\campus\graduation_project\graduation-project\code\vocpabe\vocpabe\ds\debug\ds.tlog\cl.11352.write.1.tlog
c:\work\campus\graduation_project\graduation-project\code\vocpabe\vocpabe\ds\debug\ds.tlog\cl.command.1.tlog
c:\work\campus\graduation_project\graduation-project\code\vocpabe\vocpabe\ds\debug\ds.tlog\cl.read.1.tlog
c:\work\campus\graduation_project\graduation-project\code\vocpabe\vocpabe\ds\debug\ds.tlog\ds.write.1u.tlog
c:\work\campus\graduation_project\graduation-project\code\vocpabe\vocpabe\ds\debug\ds.tlog\link.command.1.tlog
c:\work\campus\graduation_project\graduation-project\code\vocpabe\vocpabe\ds\debug\ds.tlog\link.read.1.tlog
c:\work\campus\graduation_project\graduation-project\code\vocpabe\vocpabe\ds\debug\ds.tlog\link.write.1.tlog
c:\work\campus\graduation_project\graduation-project\code\vocpabe\vocpabe\ds\debug\ds.tlog\moc.read.1u.tlog
c:\work\campus\graduation_project\graduation-project\code\vocpabe\vocpabe\ds\debug\ds.tlog\moc.write.1u.tlog
c:\work\campus\graduation_project\graduation-project\code\vocpabe\vocpabe\ds\debug\ds.tlog\rcc.read.1u.tlog
c:\work\campus\graduation_project\graduation-project\code\vocpabe\vocpabe\ds\debug\ds.tlog\rcc.write.1u.tlog
c:\work\campus\graduation_project\graduation-project\code\vocpabe\vocpabe\ds\debug\ds.tlog\uic.read.1u.tlog
c:\work\campus\graduation_project\graduation-project\code\vocpabe\vocpabe\ds\debug\ds.tlog\uic.write.1u.tlog
