  uic DS.ui
  rcc DS.qrc
  moc DS.h
  moc DSServer.h
   C:\work\code\VOCPABE\src\DS\DS.ui: Warning: The name 'layoutWidget' (QWidget) is already in use, defaulting to 'layoutWidget1'.
   RCC: Warning: No resources in 'C:\work\code\VOCPABE\src\DS\DS.qrc'.
  DS.cpp
  DSServer.cpp
  main.cpp
C:\work\code\third\pbc\include\pbc-0.5.14\include\pbc_curve.h(63,9): warning C4068: 未知的杂注“GCC” (编译源文件 main.cpp)
C:\work\code\third\pbc\include\pbc-0.5.14\include\pbc_curve.h(77,9): warning C4068: 未知的杂注“GCC” (编译源文件 main.cpp)
C:\work\code\third\pbc\include\pbc-0.5.14\include\pbc_curve.h(63,9): warning C4068: 未知的杂注“GCC” (编译源文件 DS.cpp)
C:\work\code\third\pbc\include\pbc-0.5.14\include\pbc_curve.h(77,9): warning C4068: 未知的杂注“GCC” (编译源文件 DS.cpp)
  qrc_DS.cpp
  moc_DS.cpp
  moc_DSServer.cpp
C:\work\code\third\pbc\include\pbc-0.5.14\include\pbc_curve.h(63,9): warning C4068: 未知的杂注“GCC” (编译源文件 Debug\moc\moc_DS.cpp)
C:\work\code\third\pbc\include\pbc-0.5.14\include\pbc_curve.h(77,9): warning C4068: 未知的杂注“GCC” (编译源文件 Debug\moc\moc_DS.cpp)
pbc.lib(d000170.o) : warning LNK4078: 找到多个“.text”节，它们具有不同的特性(E0300020)
  DS.vcxproj -> C:\work\code\VOCPABE\src\Debug\DS.exe
