c:\work\campus\graduation_project\graduation-project\code\vocpabe\vocpabe\kds\debug\kds.obj
c:\work\campus\graduation_project\graduation-project\code\vocpabe\vocpabe\kds\debug\registerlogin.obj
c:\work\campus\graduation_project\graduation-project\code\vocpabe\vocpabe\kds\debug\serversetup.obj
c:\work\campus\graduation_project\graduation-project\code\vocpabe\vocpabe\kds\debug\mypbc.obj
c:\work\campus\graduation_project\graduation-project\code\vocpabe\vocpabe\kds\debug\main.obj
c:\work\campus\graduation_project\graduation-project\code\vocpabe\vocpabe\kds\debug\vc142.pdb
c:\work\campus\graduation_project\graduation-project\code\vocpabe\vocpabe\kds\debug\moc_kds.obj
c:\work\campus\graduation_project\graduation-project\code\vocpabe\vocpabe\kds\debug\moc_serversetup.obj
c:\work\campus\graduation_project\graduation-project\code\vocpabe\vocpabe\kds\debug\qrc_kds.obj
c:\work\campus\graduation_project\graduation-project\code\vocpabe\vocpabe\kds\debug\moc_registerlogin.obj
c:\work\campus\graduation_project\graduation-project\code\vocpabe\vocpabe\kds\debug\uic\ui_kds.h
c:\work\campus\graduation_project\graduation-project\code\vocpabe\vocpabe\kds\debug\rcc\qrc_kds.cpp
c:\work\campus\graduation_project\graduation-project\code\vocpabe\vocpabe\kds\debug\moc\moc_kds.cpp
c:\work\campus\graduation_project\graduation-project\code\vocpabe\vocpabe\kds\debug\moc\moc_registerlogin.cpp
c:\work\campus\graduation_project\graduation-project\code\vocpabe\vocpabe\kds\debug\moc\moc_serversetup.cpp
c:\work\campus\graduation_project\graduation-project\code\vocpabe\vocpabe\debug\kds.ilk
c:\work\campus\graduation_project\graduation-project\code\vocpabe\vocpabe\debug\kds.exe
c:\work\campus\graduation_project\graduation-project\code\vocpabe\vocpabe\debug\kds.pdb
c:\work\campus\graduation_project\graduation-project\code\vocpabe\vocpabe\kds\debug\kds.tlog\cl.11040.write.1.tlog
c:\work\campus\graduation_project\graduation-project\code\vocpabe\vocpabe\kds\debug\kds.tlog\cl.command.1.tlog
c:\work\campus\graduation_project\graduation-project\code\vocpabe\vocpabe\kds\debug\kds.tlog\cl.read.1.tlog
c:\work\campus\graduation_project\graduation-project\code\vocpabe\vocpabe\kds\debug\kds.tlog\kds.write.1u.tlog
c:\work\campus\graduation_project\graduation-project\code\vocpabe\vocpabe\kds\debug\kds.tlog\link.command.1.tlog
c:\work\campus\graduation_project\graduation-project\code\vocpabe\vocpabe\kds\debug\kds.tlog\link.read.1.tlog
c:\work\campus\graduation_project\graduation-project\code\vocpabe\vocpabe\kds\debug\kds.tlog\link.write.1.tlog
c:\work\campus\graduation_project\graduation-project\code\vocpabe\vocpabe\kds\debug\kds.tlog\moc.read.1u.tlog
c:\work\campus\graduation_project\graduation-project\code\vocpabe\vocpabe\kds\debug\kds.tlog\moc.write.1u.tlog
c:\work\campus\graduation_project\graduation-project\code\vocpabe\vocpabe\kds\debug\kds.tlog\rcc.read.1u.tlog
c:\work\campus\graduation_project\graduation-project\code\vocpabe\vocpabe\kds\debug\kds.tlog\rcc.write.1u.tlog
c:\work\campus\graduation_project\graduation-project\code\vocpabe\vocpabe\kds\debug\kds.tlog\uic.read.1u.tlog
c:\work\campus\graduation_project\graduation-project\code\vocpabe\vocpabe\kds\debug\kds.tlog\uic.write.1u.tlog
